# JRE version: OpenJDK Runtime Environment (11.0.11+9) (build 11.0.11+9-Ubuntu-0ubuntu2.18.04)
# Java VM: OpenJDK 64-Bit Server VM (11.0.11+9-Ubuntu-0ubuntu2.18.04, mixed mode, tiered, compressed oops, g1 gc, linux-amd64)
Heap:
 garbage-first heap   total 201728K, used 149294K [0x0000000088600000, 0x0000000100000000)
  region size 1024K, 25 young (25600K), 2 survivors (2048K)
 Metaspace       used 58071K, capacity 59203K, committed 59496K, reserved 1101824K
  class space    used 6592K, capacity 7034K, committed 7112K, reserved 1048576K
GC Heap History (20 events):
Event: 590.059 GC heap before
{Heap before GC invocations=22 (full 0):
 garbage-first heap   total 201728K, used 162675K [0x0000000088600000, 0x0000000100000000)
  region size 1024K, 51 young (52224K), 1 survivors (1024K)
 Metaspace       used 57185K, capacity 58321K, committed 58472K, reserved 1101824K
  class space    used 6564K, capacity 7020K, committed 7112K, reserved 1048576K
}
Event: 590.072 GC heap after
{Heap after GC invocations=23 (full 0):
 garbage-first heap   total 201728K, used 115226K [0x0000000088600000, 0x0000000100000000)
  region size 1024K, 4 young (4096K), 4 survivors (4096K)
 Metaspace       used 57185K, capacity 58321K, committed 58472K, reserved 1101824K
  class space    used 6564K, capacity 7020K, committed 7112K, reserved 1048576K
}
Event: 590.140 GC heap before
{Heap before GC invocations=23 (full 0):
 garbage-first heap   total 201728K, used 121370K [0x0000000088600000, 0x0000000100000000)
  region size 1024K, 9 young (9216K), 4 survivors (4096K)
 Metaspace       used 57219K, capacity 58333K, committed 58472K, reserved 1101824K
  class space    used 6565K, capacity 7022K, committed 7112K, reserved 1048576K
}
Event: 590.148 GC heap after
{Heap after GC invocations=24 (full 0):
 garbage-first heap   total 201728K, used 82112K [0x0000000088600000, 0x0000000100000000)
  region size 1024K, 1 young (1024K), 1 survivors (1024K)
 Metaspace       used 57219K, capacity 58333K, committed 58472K, reserved 1101824K
  class space    used 6565K, capacity 7022K, committed 7112K, reserved 1048576K
}
Event: 590.689 GC heap before
{Heap before GC invocations=24 (full 0):
 garbage-first heap   total 201728K, used 139456K [0x0000000088600000, 0x0000000100000000)
  region size 1024K, 57 young (58368K), 1 survivors (1024K)
 Metaspace       used 57349K, capacity 58495K, committed 58728K, reserved 1101824K
  class space    used 6573K, capacity 7033K, committed 7112K, reserved 1048576K
}
Event: 590.730 GC heap after
{Heap after GC invocations=25 (full 0):
 garbage-first heap   total 201728K, used 116892K [0x0000000088600000, 0x0000000100000000)
  region size 1024K, 8 young (8192K), 8 survivors (8192K)
 Metaspace       used 57349K, capacity 58495K, committed 58728K, reserved 1101824K
  class space    used 6573K, capacity 7033K, committed 7112K, reserved 1048576K
}
Event: 591.302 GC heap before
{Heap before GC invocations=25 (full 0):
 garbage-first heap   total 201728K, used 146588K [0x0000000088600000, 0x0000000100000000)
  region size 1024K, 37 young (37888K), 8 survivors (8192K)
 Metaspace       used 57375K, capacity 58495K, committed 58728K, reserved 1101824K
  class space    used 6573K, capacity 7033K, committed 7112K, reserved 1048576K
}
Event: 591.336 GC heap after
{Heap after GC invocations=26 (full 0):
 garbage-first heap   total 201728K, used 122683K [0x0000000088600000, 0x0000000100000000)
  region size 1024K, 5 young (5120K), 5 survivors (5120K)
 Metaspace       used 57375K, capacity 58495K, committed 58728K, reserved 1101824K
  class space    used 6573K, capacity 7033K, committed 7112K, reserved 1048576K
}
Event: 592.185 GC heap before
{Heap before GC invocations=27 (full 0):
 garbage-first heap   total 201728K, used 125755K [0x0000000088600000, 0x0000000100000000)
  region size 1024K, 33 young (33792K), 5 survivors (5120K)
 Metaspace       used 57647K, capacity 58751K, committed 58984K, reserved 1101824K
  class space    used 6573K, capacity 7033K, committed 7112K, reserved 1048576K
}
Event: 592.201 GC heap after
{Heap after GC invocations=28 (full 0):
 garbage-first heap   total 201728K, used 100778K [0x0000000088600000, 0x0000000100000000)
  region size 1024K, 3 young (3072K), 3 survivors (3072K)
 Metaspace       used 57647K, capacity 58751K, committed 58984K, reserved 1101824K
  class space    used 6573K, capacity 7033K, committed 7112K, reserved 1048576K
}
Event: 592.240 GC heap before
{Heap before GC invocations=28 (full 0):
 garbage-first heap   total 201728K, used 106922K [0x0000000088600000, 0x0000000100000000)
  region size 1024K, 9 young (9216K), 3 survivors (3072K)
 Metaspace       used 57665K, capacity 58815K, committed 58984K, reserved 1101824K
  class space    used 6573K, capacity 7033K, committed 7112K, reserved 1048576K
}
Event: 592.262 GC heap after
{Heap after GC invocations=29 (full 0):
 garbage-first heap   total 201728K, used 91946K [0x0000000088600000, 0x0000000100000000)
  region size 1024K, 2 young (2048K), 2 survivors (2048K)
 Metaspace       used 57665K, capacity 58815K, committed 58984K, reserved 1101824K
  class space    used 6573K, capacity 7033K, committed 7112K, reserved 1048576K
}
Event: 592.592 GC heap before
{Heap before GC invocations=29 (full 0):
 garbage-first heap   total 201728K, used 135978K [0x0000000088600000, 0x0000000100000000)
  region size 1024K, 45 young (46080K), 2 survivors (2048K)
 Metaspace       used 57677K, capacity 58815K, committed 58984K, reserved 1101824K
  class space    used 6573K, capacity 7033K, committed 7112K, reserved 1048576K
}
Event: 592.625 GC heap after
{Heap after GC invocations=30 (full 0):
 garbage-first heap   total 201728K, used 124928K [0x0000000088600000, 0x0000000100000000)
  region size 1024K, 6 young (6144K), 6 survivors (6144K)
 Metaspace       used 57677K, capacity 58815K, committed 58984K, reserved 1101824K
  class space    used 6573K, capacity 7033K, committed 7112K, reserved 1048576K
}
Event: 607.113 GC heap before
{Heap before GC invocations=31 (full 0):
 garbage-first heap   total 201728K, used 178176K [0x0000000088600000, 0x0000000100000000)
  region size 1024K, 30 young (30720K), 6 survivors (6144K)
 Metaspace       used 57758K, capacity 58880K, committed 59240K, reserved 1101824K
  class space    used 6576K, capacity 7033K, committed 7112K, reserved 1048576K
}
Event: 607.128 GC heap after
{Heap after GC invocations=32 (full 0):
 garbage-first heap   total 201728K, used 160256K [0x0000000088600000, 0x0000000100000000)
  region size 1024K, 4 young (4096K), 4 survivors (4096K)
 Metaspace       used 57758K, capacity 58880K, committed 59240K, reserved 1101824K
  class space    used 6576K, capacity 7033K, committed 7112K, reserved 1048576K
}
Event: 611.587 GC heap before
{Heap before GC invocations=32 (full 0):
 garbage-first heap   total 201728K, used 174592K [0x0000000088600000, 0x0000000100000000)
  region size 1024K, 9 young (9216K), 4 survivors (4096K)
 Metaspace       used 57769K, capacity 58880K, committed 59240K, reserved 1101824K
  class space    used 6576K, capacity 7033K, committed 7112K, reserved 1048576K
}
Event: 611.603 GC heap after
{Heap after GC invocations=33 (full 0):
 garbage-first heap   total 201728K, used 111395K [0x0000000088600000, 0x0000000100000000)
  region size 1024K, 2 young (2048K), 2 survivors (2048K)
 Metaspace       used 57769K, capacity 58880K, committed 59240K, reserved 1101824K
  class space    used 6576K, capacity 7033K, committed 7112K, reserved 1048576K
}
Event: 634.128 GC heap before
{Heap before GC invocations=33 (full 0):
 garbage-first heap   total 201728K, used 140067K [0x0000000088600000, 0x0000000100000000)
  region size 1024K, 31 young (31744K), 2 survivors (2048K)
 Metaspace       used 57847K, capacity 58944K, committed 59240K, reserved 1101824K
  class space    used 6578K, capacity 7033K, committed 7112K, reserved 1048576K
}
Event: 634.134 GC heap after
{Heap after GC invocations=34 (full 0):
 garbage-first heap   total 201728K, used 102190K [0x0000000088600000, 0x0000000100000000)
  region size 1024K, 2 young (2048K), 2 survivors (2048K)
 Metaspace       used 57847K, capacity 58944K, committed 59240K, reserved 1101824K
  class space    used 6578K, capacity 7033K, committed 7112K, reserved 1048576K
}

